<?xml version="1.0" encoding="UTF-8"?>
<!-- Generated by org.testng.reporters.JUnitReportReporter -->
<testsuite skipped="0" hostname="ramsunkara" name="Practice.ExamplePros" tests="1" failures="0" timestamp="21 Aug 2019 06:25:17 GMT" time="6.599" errors="0">
  <testcase name="launch" time="6.599" classname="Practice.ExamplePros"/>
</testsuite> <!-- Practice.ExamplePros -->
